# JRE version: Java(TM) SE Runtime Environment (8.0_241-b07) (build 1.8.0_241-b07)
# Java VM: Java HotSpot(TM) 64-Bit Server VM (25.241-b07 mixed mode windows-amd64 compressed oops)
Heap:
 PSYoungGen      total 104448K, used 100126K [0x000000076b380000, 0x0000000773d00000, 0x00000007c0000000)
  eden space 87552K, 100% used [0x000000076b380000,0x0000000770900000,0x0000000770900000)
  from space 16896K, 74% used [0x0000000770900000,0x0000000771547b50,0x0000000771980000)
  to   space 16896K, 44% used [0x0000000772c80000,0x00000007733f46e8,0x0000000773d00000)
 ParOldGen       total 124928K, used 15974K [0x00000006c1a00000, 0x00000006c9400000, 0x000000076b380000)
  object space 124928K, 12% used [0x00000006c1a00000,0x00000006c2999a98,0x00000006c9400000)
 Metaspace       used 32803K, capacity 33626K, committed 33920K, reserved 1079296K
  class space    used 3893K, capacity 4198K, committed 4224K, reserved 1048576K
GC Heap History (10 events):
Event: 7.937 GC heap before
{Heap before GC invocations=6 (full 1):
 PSYoungGen      total 74752K, used 10736K [0x000000076b380000, 0x0000000771300000, 0x00000007c0000000)
  eden space 64000K, 0% used [0x000000076b380000,0x000000076b380000,0x000000076f200000)
  from space 10752K, 99% used [0x000000076f380000,0x000000076fdfc3f0,0x000000076fe00000)
  to   space 16896K, 0% used [0x0000000770280000,0x0000000770280000,0x0000000771300000)
 ParOldGen       total 175104K, used 9402K [0x00000006c1a00000, 0x00000006cc500000, 0x000000076b380000)
  object space 175104K, 5% used [0x00000006c1a00000,0x00000006c232ebd8,0x00000006cc500000)
 Metaspace       used 20675K, capacity 21170K, committed 21296K, reserved 1069056K
  class space    used 2522K, capacity 2686K, committed 2688K, reserved 1048576K
Event: 8.003 GC heap after
Heap after GC invocations=6 (full 1):
 PSYoungGen      total 74752K, used 0K [0x000000076b380000, 0x0000000771300000, 0x00000007c0000000)
  eden space 64000K, 0% used [0x000000076b380000,0x000000076b380000,0x000000076f200000)
  from space 10752K, 0% used [0x000000076f380000,0x000000076f380000,0x000000076fe00000)
  to   space 16896K, 0% used [0x0000000770280000,0x0000000770280000,0x0000000771300000)
 ParOldGen       total 124928K, used 15942K [0x00000006c1a00000, 0x00000006c9400000, 0x000000076b380000)
  object space 124928K, 12% used [0x00000006c1a00000,0x00000006c2991a98,0x00000006c9400000)
 Metaspace       used 20675K, capacity 21170K, committed 21296K, reserved 1069056K
  class space    used 2522K, capacity 2686K, committed 2688K, reserved 1048576K
}
Event: 9.699 GC heap before
{Heap before GC invocations=7 (full 1):
 PSYoungGen      total 74752K, used 64000K [0x000000076b380000, 0x0000000771300000, 0x00000007c0000000)
  eden space 64000K, 100% used [0x000000076b380000,0x000000076f200000,0x000000076f200000)
  from space 10752K, 0% used [0x000000076f380000,0x000000076f380000,0x000000076fe00000)
  to   space 16896K, 0% used [0x0000000770280000,0x0000000770280000,0x0000000771300000)
 ParOldGen       total 124928K, used 15942K [0x00000006c1a00000, 0x00000006c9400000, 0x000000076b380000)
  object space 124928K, 12% used [0x00000006c1a00000,0x00000006c2991a98,0x00000006c9400000)
 Metaspace       used 22966K, capacity 23622K, committed 23936K, reserved 1071104K
  class space    used 2854K, capacity 3076K, committed 3200K, reserved 1048576K
Event: 9.704 GC heap after
Heap after GC invocations=7 (full 1):
 PSYoungGen      total 80384K, used 5950K [0x000000076b380000, 0x0000000772c80000, 0x00000007c0000000)
  eden space 63488K, 0% used [0x000000076b380000,0x000000076b380000,0x000000076f180000)
  from space 16896K, 35% used [0x0000000770280000,0x000000077084fbb0,0x0000000771300000)
  to   space 17408K, 0% used [0x000000076f180000,0x000000076f180000,0x0000000770280000)
 ParOldGen       total 124928K, used 15950K [0x00000006c1a00000, 0x00000006c9400000, 0x000000076b380000)
  object space 124928K, 12% used [0x00000006c1a00000,0x00000006c2993a98,0x00000006c9400000)
 Metaspace       used 22966K, capacity 23622K, committed 23936K, reserved 1071104K
  class space    used 2854K, capacity 3076K, committed 3200K, reserved 1048576K
}
Event: 10.462 GC heap before
{Heap before GC invocations=8 (full 1):
 PSYoungGen      total 80384K, used 69438K [0x000000076b380000, 0x0000000772c80000, 0x00000007c0000000)
  eden space 63488K, 100% used [0x000000076b380000,0x000000076f180000,0x000000076f180000)
  from space 16896K, 35% used [0x0000000770280000,0x000000077084fbb0,0x0000000771300000)
  to   space 17408K, 0% used [0x000000076f180000,0x000000076f180000,0x0000000770280000)
 ParOldGen       total 124928K, used 15950K [0x00000006c1a00000, 0x00000006c9400000, 0x000000076b380000)
  object space 124928K, 12% used [0x00000006c1a00000,0x00000006c2993a98,0x00000006c9400000)
 Metaspace       used 26506K, capacity 27120K, committed 27392K, reserved 1073152K
  class space    used 3238K, capacity 3473K, committed 3584K, reserved 1048576K
Event: 10.465 GC heap after
Heap after GC invocations=8 (full 1):
 PSYoungGen      total 80896K, used 6731K [0x000000076b380000, 0x0000000772c00000, 0x00000007c0000000)
  eden space 63488K, 0% used [0x000000076b380000,0x000000076b380000,0x000000076f180000)
  from space 17408K, 38% used [0x000000076f180000,0x000000076f812c38,0x0000000770280000)
  to   space 17920K, 0% used [0x0000000771a80000,0x0000000771a80000,0x0000000772c00000)
 ParOldGen       total 124928K, used 15958K [0x00000006c1a00000, 0x00000006c9400000, 0x000000076b380000)
  object space 124928K, 12% used [0x00000006c1a00000,0x00000006c2995a98,0x00000006c9400000)
 Metaspace       used 26506K, capacity 27120K, committed 27392K, reserved 1073152K
  class space    used 3238K, capacity 3473K, committed 3584K, reserved 1048576K
}
Event: 12.295 GC heap before
{Heap before GC invocations=9 (full 1):
 PSYoungGen      total 80896K, used 70219K [0x000000076b380000, 0x0000000772c00000, 0x00000007c0000000)
  eden space 63488K, 100% used [0x000000076b380000,0x000000076f180000,0x000000076f180000)
  from space 17408K, 38% used [0x000000076f180000,0x000000076f812c38,0x0000000770280000)
  to   space 17920K, 0% used [0x0000000771a80000,0x0000000771a80000,0x0000000772c00000)
 ParOldGen       total 124928K, used 15958K [0x00000006c1a00000, 0x00000006c9400000, 0x000000076b380000)
  object space 124928K, 12% used [0x00000006c1a00000,0x00000006c2995a98,0x00000006c9400000)
 Metaspace       used 29078K, capacity 29766K, committed 29952K, reserved 1075200K
  class space    used 3537K, capacity 3775K, committed 3840K, reserved 1048576K
Event: 12.304 GC heap after
Heap after GC invocations=9 (full 1):
 PSYoungGen      total 103424K, used 10661K [0x000000076b380000, 0x0000000772a00000, 0x00000007c0000000)
  eden space 87552K, 0% used [0x000000076b380000,0x000000076b380000,0x0000000770900000)
  from space 15872K, 67% used [0x0000000771a80000,0x00000007724e9610,0x0000000772a00000)
  to   space 16896K, 0% used [0x0000000770900000,0x0000000770900000,0x0000000771980000)
 ParOldGen       total 124928K, used 15966K [0x00000006c1a00000, 0x00000006c9400000, 0x000000076b380000)
  object space 124928K, 12% used [0x00000006c1a00000,0x00000006c2997a98,0x00000006c9400000)
 Metaspace       used 29078K, capacity 29766K, committed 29952K, reserved 1075200K
  class space    used 3537K, capacity 3775K, committed 3840K, reserved 1048576K
}
Event: 14.184 GC heap before
{Heap before GC invocations=10 (full 1):
 PSYoungGen      total 103424K, used 98213K [0x000000076b380000, 0x0000000772a00000, 0x00000007c0000000)
  eden space 87552K, 100% used [0x000000076b380000,0x0000000770900000,0x0000000770900000)
  from space 15872K, 67% used [0x0000000771a80000,0x00000007724e9610,0x0000000772a00000)
  to   space 16896K, 0% used [0x0000000770900000,0x0000000770900000,0x0000000771980000)
 ParOldGen       total 124928K, used 15966K [0x00000006c1a00000, 0x00000006c9400000, 0x000000076b380000)
  object space 124928K, 12% used [0x00000006c1a00000,0x00000006c2997a98,0x00000006c9400000)
 Metaspace       used 31499K, capacity 32258K, committed 32512K, reserved 1077248K
  class space    used 3750K, capacity 4045K, committed 4096K, reserved 1048576K
Event: 14.192 GC heap after
Heap after GC invocations=10 (full 1):
 PSYoungGen      total 104448K, used 12574K [0x000000076b380000, 0x0000000773d00000, 0x00000007c0000000)
  eden space 87552K, 0% used [0x000000076b380000,0x000000076b380000,0x0000000770900000)
  from space 16896K, 74% used [0x0000000770900000,0x0000000771547b50,0x0000000771980000)
  to   space 16896K, 0% used [0x0000000772c80000,0x0000000772c80000,0x0000000773d00000)
 ParOldGen       total 124928K, used 15974K [0x00000006c1a00000, 0x00000006c9400000, 0x000000076b380000)
  object space 124928K, 12% used [0x00000006c1a00000,0x00000006c2999a98,0x00000006c9400000)
 Metaspace       used 31499K, capacity 32258K, committed 32512K, reserved 1077248K
  class space    used 3750K, capacity 4045K, committed 4096K, reserved 1048576K
}

